# Bottleneck feedback log
# Workspace: active_graph
# Created: 2026-05-22

This log is the continuous-improvement loop gagan asked for: bottlenecks become
events with evidence, owners, and a prevention action. It is not a chat summary.

## bottleneck.detected — T3 starter permissions too narrow

frame: t3-implement-cli-set-flag
complexity: hard
source: evaluation.log + frame yaml
symptom: `no_changes_outside_permissions` RED because a starter yaml omitted real implementation surfaces.
owner: Avery (Frame Architect)
feedback_action: Amend frame permissions before Code Owner starts; Riley checks changed-file set against yaml before closure.
evidence: `frames/t3-implement-cli-set-flag.evaluation.log`, `frames/t3-implement-cli-set-flag.yaml`.

## bottleneck.detected — T3 adversary bugs landed after green tests

frame: t3-implement-cli-set-flag
complexity: hard
source: adversary.log + regression tests
symptom: Focused tests were green but did not cover repeated same-key conflicts, replay CLI exit code, required sibling fields, or JSON-unsafe typed values.
owner: Quinn (Test Adversary) + Theo (Test Owner)
feedback_action: Every hard/extra-hard frame gets adversary regression tests before status can close.
evidence: `frames/t3-implement-cli-set-flag.adversary.log`, inner:745e6d7.

## bottleneck.detected — Feedback loop was terminal, not continuous

frame: org-topology
complexity: all
source: user review
symptom: Agent layout emphasized roles but did not make bottleneck events central to the information flow.
owner: Riley (Evidence Lead) + Taylor (Trace Archivist)
feedback_action: Added `#bottleneck-feedback` group and `bottleneck.detected` event shape to `collaboration-topology.md`; added gauntlet rule requiring bottleneck entries before next task opens.
evidence: `collaboration-topology.md`, `GAUNTLET.md`.

## bottleneck.detected — Purpose-doc updates are not directly writable by Avery

frame: agent-os-all-star-upgrade
complexity: all
source: Pentagon tool surface + outer:e91e9d8 Agent OS baseline
symptom: Avery can patch only Avery's own Purpose doc through `patch_document`; no exposed tool can directly patch Sofia/Sasha/Theo/Maya/Quinn/Rowan/Priya/Riley/Grace Purpose docs.
owner: Riley (Evidence Lead) + Avery (Frame Architect)
feedback_action: Avery patched own Purpose doc, relayed exact CORE_PURPOSE_DOCS inserts to the nine priority core agents by DM, and logged this as a durable routing bottleneck. Future fix is a Pentagon admin bulk-purpose-update path or per-agent ack+patch workflow.
evidence: `ALL_STAR_TEAM_UPGRADE.md`, `agent-os/INTERPRETER_CONTRACT.md`, `agent-os/CORE_PURPOSE_DOCS.md`, DMs sent 2026-05-22 to Sofia/Sasha/Theo/Maya/Quinn/Rowan/Priya/Riley/Grace.

## purpose.audit — Agent OS Purpose coverage is partial

frame: agent-os-all-star-upgrade
complexity: all
source: Pentagon conversation-debug logs + repo commits
symptom: The team can receive Purpose updates, but not all agents have confirmed
  durable Purpose-doc patches. Some agents only acknowledged in report or
  knowledge, and some full-team agents have no captured self-patch reply yet.
owner: Riley (Evidence Lead) + Avery (Frame Architect)
feedback_action: Treat Purpose coverage as a live bottleneck. Do not unblock
  downstream T4 tests only from chat acknowledgements; require either a
  Pentagon `patch_document(doc_type="purpose")` result or a literal
  `PURPOSE_OK` / `PURPOSE_PATCHED` reply per agent. Keep missing agents on the
  audit list until their own Purpose docs are verified.
evidence:
  outer_agent_os_baseline: outer:e91e9d8
  direct_write_bottleneck: outer:49d1350
  gate_snapshot_after_grace_patch: outer:cc7e493
  confirmed_purpose_patches:
    - Avery (Frame Architect): "Patched section 'Agent OS Core Purpose' in purpose."
    - Sofia (Spec Owner): "Patched section 'Activegraph Frame Work' in purpose."
    - Maya (Code Owner): "Patched section 'Agent OS Purpose' in purpose."
    - Priya (Goal Reaper): "Patched section 'Goal Reaper Predicate Evaluation' in purpose."
    - Quinn (Test Adversary): "Patched section 'Breakage Discovery After Implementation' in purpose."
    - Rowan (Code Reviewer): "Patched section 'Review OS' in purpose."
    - Grace (Gate Sentinel): "Patched section 'Gate Sentinel Ownership' in purpose."
  acknowledged_or_report_only:
    - Sasha (Spec Skeptic): "Purpose update recorded; knowledge article written, no captured Purpose patch result."
    - Riley (Evidence Lead): "Acknowledged evidence/bottleneck role; knowledge article written, no captured Purpose patch result."
    - Theo (Test Owner): "Holding tests and acknowledging role; no captured Purpose patch result."
  no_captured_self_patch_reply:
    - Blake (Budget Marshal)
    - Sam (Docs Owner)
    - Simone (Security Auditor)
    - Parker (Performance Sentinel)
    - Casey (Compatibility Auditor)
    - Finn (Fork Debugger)
    - Taylor (Trace Archivist)
    - Ravi (Replay Validator)
    - Carmen (Contract Owner)
  t4_unblock_rule: "Theo remains blocked until Sasha re-challenges inner:7ae37da and inner:2f82f19, and Theo has a PURPOSE_OK/PURPOSE_PATCHED receipt or a captured Purpose patch."
